<?xml version="1.0" encoding="UTF-8"?>
<testng-results ignored="0" total="2" passed="2" failed="0" skipped="0">
  <reporter-output>
  </reporter-output>
  <suite started-at="2024-06-24T12:29:03 IST" name="Keyword Driven Framework" finished-at="2024-06-24T12:29:30 IST" duration-ms="26359">
    <groups>
    </groups>
    <test started-at="2024-06-24T12:29:03 IST" name="Login Test" finished-at="2024-06-24T12:29:30 IST" duration-ms="26359">
      <class name="com.example.tests.LoginPageTests">
        <test-method is-config="true" signature="setupTestData()[pri:0, instance:com.example.tests.LoginPageTests@223f3642]" started-at="2024-06-24T12:29:03 IST" name="setupTestData" finished-at="2024-06-24T12:29:06 IST" duration-ms="2328" status="PASS">
          <reporter-output>
          </reporter-output>
        </test-method> <!-- setupTestData -->
        <test-method is-config="true" signature="setUp()[pri:0, instance:com.example.tests.LoginPageTests@223f3642]" started-at="2024-06-24T12:29:06 IST" name="setUp" finished-at="2024-06-24T12:29:13 IST" duration-ms="6911" status="PASS">
          <reporter-output>
          </reporter-output>
        </test-method> <!-- setUp -->
        <test-method signature="invalidCredentials()[pri:0, instance:com.example.tests.LoginPageTests@223f3642]" started-at="2024-06-24T12:29:13 IST" name="invalidCredentials" finished-at="2024-06-24T12:29:16 IST" duration-ms="3262" status="PASS">
          <reporter-output>
          </reporter-output>
        </test-method> <!-- invalidCredentials -->
        <test-method is-config="true" signature="tearDown()[pri:0, instance:com.example.tests.LoginPageTests@223f3642]" started-at="2024-06-24T12:29:16 IST" name="tearDown" finished-at="2024-06-24T12:29:18 IST" duration-ms="2090" status="PASS">
          <reporter-output>
          </reporter-output>
        </test-method> <!-- tearDown -->
        <test-method is-config="true" signature="setUp()[pri:0, instance:com.example.tests.LoginPageTests@223f3642]" started-at="2024-06-24T12:29:18 IST" name="setUp" finished-at="2024-06-24T12:29:26 IST" duration-ms="7879" status="PASS">
          <reporter-output>
          </reporter-output>
        </test-method> <!-- setUp -->
        <test-method signature="validCredentials()[pri:0, instance:com.example.tests.LoginPageTests@223f3642]" started-at="2024-06-24T12:29:26 IST" name="validCredentials" finished-at="2024-06-24T12:29:29 IST" duration-ms="2881" status="PASS">
          <reporter-output>
          </reporter-output>
        </test-method> <!-- validCredentials -->
        <test-method is-config="true" signature="tearDown()[pri:0, instance:com.example.tests.LoginPageTests@223f3642]" started-at="2024-06-24T12:29:29 IST" name="tearDown" finished-at="2024-06-24T12:29:30 IST" duration-ms="418" status="PASS">
          <reporter-output>
          </reporter-output>
        </test-method> <!-- tearDown -->
      </class> <!-- com.example.tests.LoginPageTests -->
    </test> <!-- Login Test -->
  </suite> <!-- Keyword Driven Framework -->
</testng-results>
